<?xml version="1.0" encoding="UTF-8"?>
<!-- Generated by org.testng.reporters.JUnitReportReporter -->
<testsuite skipped="0" hostname="DESKTOP-FUG8PLT" name="com.onlineDashboardApplication.testRunner.TestRunner" tests="1" failures="0" timestamp="2020-09-10T01:04:12 IST" time="130.056" errors="0">
  <testcase name="feature" time="130.056" classname="com.onlineDashboardApplication.testRunner.TestRunner"/>
  <system-out/>
</testsuite> <!-- com.onlineDashboardApplication.testRunner.TestRunner -->
