<?xml version="1.0" encoding="UTF-8"?>
<!-- Generated by org.testng.reporters.JUnitReportReporter -->
<testsuite skipped="0" hostname="DESKTOP-FUG8PLT" name="com.onlineDashboardApplication.stepDefination.abc" tests="1" failures="0" timestamp="2020-09-09T21:19:23 IST" time="62.600" errors="0">
  <testcase name="f" time="62.600" classname="com.onlineDashboardApplication.stepDefination.abc"/>
  <system-out/>
</testsuite> <!-- com.onlineDashboardApplication.stepDefination.abc -->
