<?xml version="1.0" encoding="UTF-8"?>
<!-- Generated by org.testng.reporters.JUnitReportReporter -->
<testsuite skipped="0" hostname="DESKTOP-FUG8PLT" name="com.onlineDashboardApplication.stepDefination.NewTest" tests="1" failures="0" timestamp="2020-09-04T10:10:32 IST" time="21.466" errors="0">
  <testcase name="user_is_on_the_slp_status_tracking_page" time="21.466" classname="com.onlineDashboardApplication.stepDefination.NewTest"/>
  <system-out/>
</testsuite> <!-- com.onlineDashboardApplication.stepDefination.NewTest -->
