<?xml version="1.0" encoding="UTF-8"?>
<!-- Generated by org.testng.reporters.JUnitReportReporter -->
<testsuite skipped="0" hostname="DESKTOP-FUG8PLT" name="com.onlineDashboardApplication.stepDefination.abc" tests="1" failures="0" timestamp="2020-09-11T13:07:54 IST" time="20.825" errors="0">
  <testcase name="f" time="20.825" classname="com.onlineDashboardApplication.stepDefination.abc"/>
  <system-out/>
</testsuite> <!-- com.onlineDashboardApplication.stepDefination.abc -->
