<?xml version="1.0" encoding="UTF-8"?>
<!-- Generated by org.testng.reporters.JUnitReportReporter -->
<testsuite skipped="0" hostname="DESKTOP-FUG8PLT" name="com.onlineDashboardApplication.testRunner.TestRunner" tests="3" failures="0" timestamp="2020-09-09T00:34:19 IST" time="551.150" errors="0">
  <testcase name="feature" time="333.983" classname="com.onlineDashboardApplication.testRunner.TestRunner"/>
  <system-out/>
  <testcase name="feature" time="124.551" classname="com.onlineDashboardApplication.testRunner.TestRunner"/>
  <system-out/>
  <testcase name="feature" time="92.616" classname="com.onlineDashboardApplication.testRunner.TestRunner"/>
  <system-out/>
</testsuite> <!-- com.onlineDashboardApplication.testRunner.TestRunner -->
