<?xml version="1.0" encoding="UTF-8"?>
<!-- Generated by org.testng.reporters.JUnitReportReporter -->
<testsuite skipped="0" hostname="DESKTOP-FUG8PLT" name="com.onlineDashboardApplication.testRunner.TestRunner" tests="1" failures="0" timestamp="2020-08-20T00:45:24 IST" time="0.182" errors="0">
  <testcase name="feature" time="0.182" classname="com.onlineDashboardApplication.testRunner.TestRunner"/>
  <system-out/>
</testsuite> <!-- com.onlineDashboardApplication.testRunner.TestRunner -->
