<?xml version="1.0" encoding="UTF-8"?>
<!-- Generated by org.testng.reporters.JUnitReportReporter -->
<testsuite skipped="0" hostname="DESKTOP-FUG8PLT" name="com.onlineDashboardApplication.stepDefination.SlpTracking" tests="2" failures="0" timestamp="2020-08-28T12:05:31 IST" time="10.285" errors="0">
  <testcase name="Setup" time="10.283" classname="com.onlineDashboardApplication.stepDefination.SlpTracking"/>
  <system-out/>
  <testcase name="f" time="0.002" classname="com.onlineDashboardApplication.stepDefination.SlpTracking"/>
  <system-out/>
</testsuite> <!-- com.onlineDashboardApplication.stepDefination.SlpTracking -->
