<?xml version="1.0" encoding="UTF-8"?>
<!-- Generated by org.testng.reporters.JUnitReportReporter -->
<testsuite skipped="0" hostname="DESKTOP-FUG8PLT" name="com.onlineDashboardApplication.testRunner.TestRunner" tests="5" failures="0" timestamp="2020-09-10T13:00:08 IST" time="707.953" errors="0">
  <testcase name="feature" time="79.097" classname="com.onlineDashboardApplication.testRunner.TestRunner"/>
  <system-out/>
  <testcase name="feature" time="119.001" classname="com.onlineDashboardApplication.testRunner.TestRunner"/>
  <system-out/>
  <testcase name="feature" time="59.000" classname="com.onlineDashboardApplication.testRunner.TestRunner"/>
  <system-out/>
  <testcase name="feature" time="79.530" classname="com.onlineDashboardApplication.testRunner.TestRunner"/>
  <system-out/>
  <testcase name="feature" time="371.325" classname="com.onlineDashboardApplication.testRunner.TestRunner"/>
  <system-out/>
</testsuite> <!-- com.onlineDashboardApplication.testRunner.TestRunner -->
