<?xml version="1.0" encoding="UTF-8"?>
<!-- Generated by org.testng.reporters.JUnitReportReporter -->
<testsuite skipped="0" hostname="DESKTOP-FUG8PLT" name="com.onlineDashboardApplication.testRunner.TestRunner" tests="1" failures="0" timestamp="2020-09-11T16:49:21 IST" time="102.290" errors="0">
  <testcase name="feature" time="102.290" classname="com.onlineDashboardApplication.testRunner.TestRunner"/>
  <system-out/>
</testsuite> <!-- com.onlineDashboardApplication.testRunner.TestRunner -->
